Using pre-set license
Built from '2020.3/staging' branch; Version is '2020.3.10f1 (297d780c91bc) revision 2719096'; Using compiler version '192528614'; Build Type 'Release'
OS: 'Windows 10 Home Single Language; OS build 19042.1052; Version 2009; 64bit' Language: 'en' Physical Memory: 6058 MB
BatchMode: 1, IsHumanControllingUs: 0, StartBugReporterOnCrash: 0, Is64bit: 1, IsPro: 0

 COMMAND LINE ARGUMENTS:
D:\Unity2020\Unity\Editor\Unity.exe
-adb2
-batchMode
-noUpm
-name
AssetImportWorker0
-projectPath
D:/UnityProject/FlappyBird
-logFile
Logs/AssetImportWorker0.log
-srvPort
62598
Successfully changed project path to: D:/UnityProject/FlappyBird
D:/UnityProject/FlappyBird
Using Asset Import Pipeline V2.
Refreshing native plugins compatible for Editor in 71.16 ms, found 3 plugins.
Preloading 0 native plugins for Editor in 0.00 ms.
Initialize engine version: 2020.3.10f1 (297d780c91bc)
[Subsystems] Discovering subsystems at path D:/Unity2020/Unity/Editor/Data/Resources/UnitySubsystems
[Subsystems] Discovering subsystems at path D:/UnityProject/FlappyBird/Assets
GfxDevice: creating device client; threaded=0
Direct3D:
    Version:  Direct3D 11.0 [level 11.1]
    Renderer: AMD Radeon(TM) Vega 3 Graphics (ID=0x15d8)
    Vendor:   
    VRAM:     3029 MB
    Driver:   26.20.11008.3003
Initialize mono
Mono path[0] = 'D:/Unity2020/Unity/Editor/Data/Managed'
Mono path[1] = 'D:/Unity2020/Unity/Editor/Data/MonoBleedingEdge/lib/mono/unityjit'
Mono config path = 'D:/Unity2020/Unity/Editor/Data/MonoBleedingEdge/etc'
Using monoOptions --debugger-agent=transport=dt_socket,embedding=1,server=y,suspend=n,address=127.0.0.1:56984
Begin MonoManager ReloadAssembly
Registering precompiled unity dll's ...
Register platform support module: D:/Unity2020/Unity/Editor/Data/PlaybackEngines/WindowsStandaloneSupport/UnityEditor.WindowsStandalone.Extensions.dll
Registered in 0.001442 seconds.
Native extension for WindowsStandalone target not found
Refreshing native plugins compatible for Editor in 67.15 ms, found 3 plugins.
Preloading 0 native plugins for Editor in 0.00 ms.
Mono: successfully reloaded assembly
- Completed reload, in  1.359 seconds
Platform modules already initialized, skipping
Registering precompiled user dll's ...
Registered in 0.010509 seconds.
Begin MonoManager ReloadAssembly
Native extension for WindowsStandalone target not found
Refreshing native plugins compatible for Editor in 63.74 ms, found 3 plugins.
Preloading 0 native plugins for Editor in 0.00 ms.
Mono: successfully reloaded assembly
- Completed reload, in  1.453 seconds
Platform modules already initialized, skipping
========================================================================
Worker process is ready to serve import requests
Launched and connected shader compiler UnityShaderCompiler.exe after 0.06 seconds
Refreshing native plugins compatible for Editor in 1.79 ms, found 3 plugins.
Preloading 0 native plugins for Editor in 0.00 ms.
Unloading 2554 Unused Serialized files (Serialized files now loaded: 0)
System memory in use before: 111.5 MB.
System memory in use after: 111.5 MB.

Unloading 69 unused Assets to reduce memory usage. Loaded Objects now: 2968.
Total: 14.066000 ms (FindLiveObjects: 0.432500 ms CreateObjectMapping: 0.158600 ms MarkObjects: 13.244500 ms  DeleteObjects: 0.228500 ms)

========================================================================
Received Import Request.
  path: Assets/Scenes/back.unity
  artifactKey: Guid(1424f27fdad266e4aa4f5534d65ae953) Importer(815301076,1909f56bfc062723c751e8b465ee728b)
Start importing Assets/Scenes/back.unity using Guid(1424f27fdad266e4aa4f5534d65ae953) Importer(815301076,1909f56bfc062723c751e8b465ee728b)  -> (artifact id: '43387f0008f290215d1f253ff67473a2') in 0.077860 seconds
  Import took 0.089297 seconds .

========================================================================
Received Import Request.
  Time since last request: 42.861831 seconds.
  path: Assets/Scenes/SampleScene.unity
  artifactKey: Guid(2cda990e2423bbf4892e6590ba056729) Importer(815301076,1909f56bfc062723c751e8b465ee728b)
Start importing Assets/Scenes/SampleScene.unity using Guid(2cda990e2423bbf4892e6590ba056729) Importer(815301076,1909f56bfc062723c751e8b465ee728b)  -> (artifact id: '26611bd9834ddbd1b7eee923e8a225db') in 0.033328 seconds
  Import took 0.047609 seconds .

========================================================================
Received Prepare
Refreshing native plugins compatible for Editor in 13.46 ms, found 3 plugins.
Preloading 0 native plugins for Editor in 0.00 ms.
Unloading 55 Unused Serialized files (Serialized files now loaded: 0)
System memory in use before: 62.0 MB.
System memory in use after: 62.1 MB.

Unloading 55 unused Assets to reduce memory usage. Loaded Objects now: 2968.
Total: 8.407100 ms (FindLiveObjects: 0.419000 ms CreateObjectMapping: 0.105800 ms MarkObjects: 7.683500 ms  DeleteObjects: 0.197300 ms)

========================================================================
Received Import Request.
  Time since last request: 425.973713 seconds.
  path: Assets/Scenes/back.unity
  artifactKey: Guid(1424f27fdad266e4aa4f5534d65ae953) Importer(815301076,1909f56bfc062723c751e8b465ee728b)
Start importing Assets/Scenes/back.unity using Guid(1424f27fdad266e4aa4f5534d65ae953) Importer(815301076,1909f56bfc062723c751e8b465ee728b)  -> (artifact id: '2187be1fb8ca747f23e5c0a5ebd0f2b0') in 0.016783 seconds
  Import took 0.398457 seconds .

========================================================================
Received Import Request.
  Time since last request: 18.399661 seconds.
  path: Assets/Scenes/SampleScene.unity
  artifactKey: Guid(2cda990e2423bbf4892e6590ba056729) Importer(815301076,1909f56bfc062723c751e8b465ee728b)
Start importing Assets/Scenes/SampleScene.unity using Guid(2cda990e2423bbf4892e6590ba056729) Importer(815301076,1909f56bfc062723c751e8b465ee728b)  -> (artifact id: '089d253d981203bf8a3083dfb0c56eb9') in 0.010605 seconds
  Import took 0.045623 seconds .

========================================================================
Received Prepare
Refreshing native plugins compatible for Editor in 27.84 ms, found 3 plugins.
Preloading 0 native plugins for Editor in 0.00 ms.
Unloading 55 Unused Serialized files (Serialized files now loaded: 0)
System memory in use before: 62.0 MB.
System memory in use after: 62.1 MB.

Unloading 55 unused Assets to reduce memory usage. Loaded Objects now: 2968.
Total: 16.566500 ms (FindLiveObjects: 0.498500 ms CreateObjectMapping: 0.161600 ms MarkObjects: 15.559100 ms  DeleteObjects: 0.344900 ms)

AssetImportWorkerClient::OnTransportError - code=2 error=End of file
