Using pre-set license
Built from '2020.3/staging' branch; Version is '2020.3.10f1 (297d780c91bc) revision 2719096'; Using compiler version '192528614'; Build Type 'Release'
OS: 'Windows 10 Home Single Language; OS build 19042.1052; Version 2009; 64bit' Language: 'en' Physical Memory: 6058 MB
BatchMode: 1, IsHumanControllingUs: 0, StartBugReporterOnCrash: 0, Is64bit: 1, IsPro: 0

 COMMAND LINE ARGUMENTS:
D:\Unity2020\Unity\Editor\Unity.exe
-adb2
-batchMode
-noUpm
-name
AssetImportWorker2
-projectPath
D:/UnityProject/FlappyBird
-logFile
Logs/AssetImportWorker2.log
-srvPort
49757
Successfully changed project path to: D:/UnityProject/FlappyBird
D:/UnityProject/FlappyBird
Using Asset Import Pipeline V2.
Refreshing native plugins compatible for Editor in 128.44 ms, found 3 plugins.
Preloading 0 native plugins for Editor in 0.00 ms.
Initialize engine version: 2020.3.10f1 (297d780c91bc)
[Subsystems] Discovering subsystems at path D:/Unity2020/Unity/Editor/Data/Resources/UnitySubsystems
[Subsystems] Discovering subsystems at path D:/UnityProject/FlappyBird/Assets
GfxDevice: creating device client; threaded=0
Direct3D:
    Version:  Direct3D 11.0 [level 11.1]
    Renderer: AMD Radeon(TM) Vega 3 Graphics (ID=0x15d8)
    Vendor:   
    VRAM:     3029 MB
    Driver:   26.20.11008.3003
Initialize mono
Mono path[0] = 'D:/Unity2020/Unity/Editor/Data/Managed'
Mono path[1] = 'D:/Unity2020/Unity/Editor/Data/MonoBleedingEdge/lib/mono/unityjit'
Mono config path = 'D:/Unity2020/Unity/Editor/Data/MonoBleedingEdge/etc'
Using monoOptions --debugger-agent=transport=dt_socket,embedding=1,server=y,suspend=n,address=127.0.0.1:56132
Begin MonoManager ReloadAssembly
Registering precompiled unity dll's ...
Register platform support module: D:/Unity2020/Unity/Editor/Data/PlaybackEngines/WindowsStandaloneSupport/UnityEditor.WindowsStandalone.Extensions.dll
Registered in 0.002264 seconds.
Native extension for WindowsStandalone target not found
Refreshing native plugins compatible for Editor in 104.73 ms, found 3 plugins.
Preloading 0 native plugins for Editor in 0.00 ms.
Mono: successfully reloaded assembly
- Completed reload, in  2.070 seconds
Platform modules already initialized, skipping
Registering precompiled user dll's ...
Registered in 0.008491 seconds.
Begin MonoManager ReloadAssembly
Native extension for WindowsStandalone target not found
Refreshing native plugins compatible for Editor in 103.54 ms, found 3 plugins.
Preloading 0 native plugins for Editor in 0.00 ms.
Mono: successfully reloaded assembly
- Completed reload, in 10.405 seconds
Platform modules already initialized, skipping
========================================================================
Worker process is ready to serve import requests
Launched and connected shader compiler UnityShaderCompiler.exe after 0.32 seconds
Refreshing native plugins compatible for Editor in 2.06 ms, found 3 plugins.
Preloading 0 native plugins for Editor in 0.00 ms.
Unloading 2554 Unused Serialized files (Serialized files now loaded: 0)
System memory in use before: 111.4 MB.
System memory in use after: 111.4 MB.

Unloading 69 unused Assets to reduce memory usage. Loaded Objects now: 2968.
Total: 16.062700 ms (FindLiveObjects: 0.674300 ms CreateObjectMapping: 0.147600 ms MarkObjects: 14.752500 ms  DeleteObjects: 0.484100 ms)

========================================================================
Received Import Request.
  path: Assets/Scenes/back.unity
  artifactKey: Guid(1424f27fdad266e4aa4f5534d65ae953) Importer(815301076,1909f56bfc062723c751e8b465ee728b)
Start importing Assets/Scenes/back.unity using Guid(1424f27fdad266e4aa4f5534d65ae953) Importer(815301076,1909f56bfc062723c751e8b465ee728b)  -> (artifact id: 'e6ae177f73baf1290b9f87a67057126e') in 0.103834 seconds
  Import took 0.112333 seconds .

========================================================================
Received Prepare
Refreshing native plugins compatible for Editor in 19.29 ms, found 3 plugins.
Preloading 0 native plugins for Editor in 0.00 ms.
Unloading 55 Unused Serialized files (Serialized files now loaded: 0)
System memory in use before: 61.9 MB.
System memory in use after: 62.0 MB.

Unloading 55 unused Assets to reduce memory usage. Loaded Objects now: 2968.
Total: 13.207000 ms (FindLiveObjects: 0.673700 ms CreateObjectMapping: 0.147300 ms MarkObjects: 12.034200 ms  DeleteObjects: 0.348700 ms)

========================================================================
Received Prepare
Refreshing native plugins compatible for Editor in 30.57 ms, found 3 plugins.
Preloading 0 native plugins for Editor in 0.00 ms.
Unloading 55 Unused Serialized files (Serialized files now loaded: 0)
System memory in use before: 61.9 MB.
System memory in use after: 62.0 MB.

Unloading 55 unused Assets to reduce memory usage. Loaded Objects now: 2968.
Total: 18.261000 ms (FindLiveObjects: 0.583100 ms CreateObjectMapping: 0.167000 ms MarkObjects: 17.130300 ms  DeleteObjects: 0.377600 ms)

========================================================================
Received Prepare
Registering precompiled user dll's ...
Registered in 0.013909 seconds.
Begin MonoManager ReloadAssembly
Native extension for WindowsStandalone target not found
Refreshing native plugins compatible for Editor in 2.18 ms, found 3 plugins.
Preloading 0 native plugins for Editor in 0.00 ms.
Mono: successfully reloaded assembly
- Completed reload, in  2.854 seconds
Platform modules already initialized, skipping
Switching build target platform(19) subTarget(0) extendedPlatform(0) -> platform(13) subTarget(537395200) extendedPlatform(0)
Refreshing native plugins compatible for Editor in 2.37 ms, found 3 plugins.
Preloading 0 native plugins for Editor in 0.00 ms.
Unloading 2552 Unused Serialized files (Serialized files now loaded: 0)
System memory in use before: 111.2 MB.
System memory in use after: 111.3 MB.

Unloading 58 unused Assets to reduce memory usage. Loaded Objects now: 2971.
Total: 16.718500 ms (FindLiveObjects: 0.565200 ms CreateObjectMapping: 0.165000 ms MarkObjects: 15.662500 ms  DeleteObjects: 0.321400 ms)

AssetImportParameters requested are different than current active one (requested -> active):
  custom:graphics/normal-map-encoding: 01000000000000000000000000000000 -> 02000000000000000000000000000000
========================================================================
Received Prepare
Refreshing native plugins compatible for Editor in 27.35 ms, found 3 plugins.
Preloading 0 native plugins for Editor in 0.00 ms.
Unloading 55 Unused Serialized files (Serialized files now loaded: 0)
System memory in use before: 62.3 MB.
System memory in use after: 62.4 MB.

Unloading 55 unused Assets to reduce memory usage. Loaded Objects now: 2971.
Total: 13.991300 ms (FindLiveObjects: 0.558000 ms CreateObjectMapping: 0.165200 ms MarkObjects: 12.907400 ms  DeleteObjects: 0.356700 ms)

========================================================================
Received Prepare
Refreshing native plugins compatible for Editor in 27.71 ms, found 3 plugins.
Preloading 0 native plugins for Editor in 0.00 ms.
Unloading 55 Unused Serialized files (Serialized files now loaded: 0)
System memory in use before: 62.3 MB.
System memory in use after: 62.4 MB.

Unloading 55 unused Assets to reduce memory usage. Loaded Objects now: 2971.
Total: 16.163100 ms (FindLiveObjects: 0.567400 ms CreateObjectMapping: 0.165800 ms MarkObjects: 15.043200 ms  DeleteObjects: 0.383100 ms)

========================================================================
Received Prepare
Refreshing native plugins compatible for Editor in 33.08 ms, found 3 plugins.
Preloading 0 native plugins for Editor in 0.00 ms.
Unloading 55 Unused Serialized files (Serialized files now loaded: 0)
System memory in use before: 62.3 MB.
System memory in use after: 62.4 MB.

Unloading 55 unused Assets to reduce memory usage. Loaded Objects now: 2971.
Total: 16.233200 ms (FindLiveObjects: 0.550000 ms CreateObjectMapping: 0.165200 ms MarkObjects: 15.129500 ms  DeleteObjects: 0.385200 ms)

========================================================================
Received Prepare
Refreshing native plugins compatible for Editor in 487.71 ms, found 3 plugins.
Preloading 0 native plugins for Editor in 0.00 ms.
Unloading 55 Unused Serialized files (Serialized files now loaded: 0)
System memory in use before: 62.3 MB.
System memory in use after: 62.4 MB.

Unloading 55 unused Assets to reduce memory usage. Loaded Objects now: 2971.
Total: 16.205800 ms (FindLiveObjects: 0.593700 ms CreateObjectMapping: 0.163700 ms MarkObjects: 15.059800 ms  DeleteObjects: 0.385000 ms)

========================================================================
Received Import Request.
  Time since last request: 2307.084234 seconds.
  path: Assets/Player 1.png
  artifactKey: Guid(a489509927c58e2458385f9590dc0f0a) Importer(815301076,1909f56bfc062723c751e8b465ee728b)
Start importing Assets/Player 1.png using Guid(a489509927c58e2458385f9590dc0f0a) Importer(815301076,1909f56bfc062723c751e8b465ee728b)  -> (artifact id: '884a23f6d1a146428f97f01964065ec6') in 0.677214 seconds
  Import took 0.732352 seconds .

========================================================================
Received Prepare
Refreshing native plugins compatible for Editor in 416.37 ms, found 3 plugins.
Preloading 0 native plugins for Editor in 0.00 ms.
Unloading 55 Unused Serialized files (Serialized files now loaded: 0)
System memory in use before: 65.5 MB.
System memory in use after: 65.5 MB.

Unloading 55 unused Assets to reduce memory usage. Loaded Objects now: 2977.
Total: 18.034800 ms (FindLiveObjects: 0.564600 ms CreateObjectMapping: 0.164300 ms MarkObjects: 16.897100 ms  DeleteObjects: 0.405700 ms)

AssetImportWorkerClient::OnTransportError - code=2 error=End of file
